2022-12-28 11:01:13,641 - Vedantu_Log -INFO - Clicked Sign In Button.
2022-12-28 11:07:58,442 - Vedantu_Log -INFO - Clicked Sign In Button.
2022-12-28 11:14:13,321 - Vedantu_Log -INFO - Clicked Sign In Button.
2022-12-28 11:21:38,281 - Vedantu_Log -INFO - Clicked Sign In Button.
2022-12-28 11:21:39,459 - Vedantu_Log -INFO - Clicked Next Button.
2022-12-28 11:23:29,740 - Vedantu_Log -INFO - Clicked Sign In Button.
2022-12-28 11:23:30,982 - Vedantu_Log -INFO - Clicked Next Button.
2022-12-28 11:24:35,479 - Vedantu_Log -INFO - Clicked Sign In Button.
2022-12-28 11:26:33,609 - Vedantu_Log -INFO - Clicked Sign In Button.
2022-12-28 11:26:34,786 - Vedantu_Log -INFO - Phone Number Entered.
2022-12-28 11:26:34,878 - Vedantu_Log -INFO - Clicked Next Button.
2022-12-28 11:27:34,897 - Vedantu_Log -INFO - Clicked Sign In Button.
2022-12-28 11:27:35,232 - Vedantu_Log -INFO - Phone Number Entered.
2022-12-28 11:27:35,389 - Vedantu_Log -INFO - Clicked Next Button.
2022-12-28 11:28:17,734 - Vedantu_Log -INFO - Clicked Sign In Button.
2022-12-28 11:28:18,044 - Vedantu_Log -INFO - Phone Number Entered.
2022-12-28 11:28:18,191 - Vedantu_Log -INFO - Clicked Next Button.
2022-12-28 11:29:55,794 - Vedantu_Log -INFO - Clicked Sign In Button.
2022-12-28 11:29:56,102 - Vedantu_Log -INFO - Phone Number Entered.
2022-12-28 11:29:56,234 - Vedantu_Log -INFO - Clicked Next Button.
2022-12-28 11:29:56,708 - Vedantu_Log -INFO - Password Entered.
2022-12-28 11:29:56,841 - Vedantu_Log -INFO - Clicked Next Button.
2022-12-28 11:30:00,471 - Vedantu_Log -INFO - Navigates to HomePage.
2022-12-28 13:25:50,741 - Vedantu_Log -INFO - Clicked Sign In Button.
2022-12-28 13:25:51,195 - Vedantu_Log -INFO - Phone Number Entered.
2022-12-28 13:25:51,376 - Vedantu_Log -INFO - Clicked Next Button.
2022-12-28 13:25:52,104 - Vedantu_Log -INFO - Password Entered.
2022-12-28 13:25:52,265 - Vedantu_Log -INFO - Clicked Next Button.
2022-12-28 13:25:55,544 - Vedantu_Log -INFO - Test Pass -- Navigates to HomePage.
2022-12-29 12:45:50,543 - Vedantu_Log -INFO - Clicked Sign In Button.
2022-12-29 12:45:51,124 - Vedantu_Log -INFO - Phone Number Entered.
2022-12-29 12:45:51,276 - Vedantu_Log -INFO - Clicked Next Button.
2022-12-29 12:45:52,089 - Vedantu_Log -INFO - Password Entered.
2022-12-29 12:45:52,206 - Vedantu_Log -INFO - Clicked Next Button.
2022-12-29 12:46:01,134 - Vedantu_Log -INFO - Test Pass -- Navigates to HomePage.
2022-12-29 14:05:09,551 - Vedantu_Log -INFO - Clicked Sign In Button.
2022-12-29 14:05:09,941 - Vedantu_Log -INFO - Phone Number Entered.
2022-12-29 14:05:10,058 - Vedantu_Log -INFO - Clicked Next Button.
2022-12-29 14:05:10,679 - Vedantu_Log -INFO - Password Entered.
2022-12-29 14:05:10,812 - Vedantu_Log -INFO - Clicked Next Button.
2022-12-29 14:05:20,664 - Vedantu_Log -INFO - Test Pass -- Navigates to HomePage.
2022-12-29 16:41:13,609 - Vedantu_Log -INFO - Clicked Sign In Button.
2022-12-29 16:41:13,988 - Vedantu_Log -INFO - Phone Number Entered.
2022-12-29 16:41:14,088 - Vedantu_Log -INFO - Clicked Next Button.
2022-12-29 16:41:14,660 - Vedantu_Log -INFO - Password Entered.
2022-12-29 16:41:14,811 - Vedantu_Log -INFO - Clicked Next Button.
2022-12-29 16:41:21,948 - Vedantu_Log -INFO - Test Pass -- Navigates to HomePage.
2022-12-29 16:46:41,633 - Vedantu_Log -INFO - Clicked Sign In Button.
2022-12-29 16:46:42,418 - Vedantu_Log -INFO - Phone Number Entered.
2022-12-29 16:46:42,718 - Vedantu_Log -INFO - Clicked Next Button.
2022-12-29 16:46:43,454 - Vedantu_Log -INFO - Password Entered.
2022-12-29 16:46:43,599 - Vedantu_Log -INFO - Clicked Next Button.
2022-12-29 16:46:51,778 - Vedantu_Log -INFO - Test Pass -- Navigates to HomePage.
2023-01-01 23:07:38,327 - Vedantu_Log -INFO - Clicked Sign In Button.
2023-01-01 23:07:39,025 - Vedantu_Log -INFO - Phone Number Entered.
2023-01-01 23:07:39,164 - Vedantu_Log -INFO - Clicked Next Button.
2023-01-01 23:07:39,812 - Vedantu_Log -INFO - Password Entered.
2023-01-01 23:07:39,919 - Vedantu_Log -INFO - Clicked Next Button.
2023-01-01 23:07:44,206 - Vedantu_Log -INFO - Test Pass -- Navigates to HomePage.
2023-01-01 23:36:44,011 - Vedantu_Log -INFO - Clicked Sign In Button.
2023-01-01 23:36:45,110 - Vedantu_Log -INFO - Phone Number Entered.
2023-01-01 23:36:45,215 - Vedantu_Log -INFO - Clicked Next Button.
2023-01-01 23:36:46,132 - Vedantu_Log -INFO - Password Entered.
2023-01-01 23:36:46,283 - Vedantu_Log -INFO - Clicked Next Button.
2023-01-01 23:36:52,091 - Vedantu_Log -INFO - Test Pass -- Navigates to HomePage.
2023-01-02 00:57:07,328 - Vedantu_Log -INFO - Clicked Sign In Button.
2023-01-02 00:57:09,692 - Vedantu_Log -INFO - Phone Number Entered.
2023-01-02 00:57:10,025 - Vedantu_Log -INFO - Clicked Next Button.
2023-01-02 00:57:11,211 - Vedantu_Log -INFO - Password Entered.
2023-01-02 00:57:11,362 - Vedantu_Log -INFO - Clicked Next Button.
2023-01-02 00:57:21,603 - Vedantu_Log -INFO - Test Pass -- Navigates to HomePage.
2023-01-02 01:19:52,510 - Vedantu_Log -INFO - Clicked Sign In Button.
2023-01-02 01:30:29,222 - Vedantu_Log -INFO - Clicked Sign In Button.
2023-01-02 01:30:29,591 - Vedantu_Log -INFO - Phone Number Entered.
2023-01-02 01:30:29,729 - Vedantu_Log -INFO - Clicked Next Button.
2023-01-02 01:30:30,406 - Vedantu_Log -INFO - Password Entered.
2023-01-02 01:30:30,570 - Vedantu_Log -INFO - Clicked Next Button.
2023-01-02 01:30:38,322 - Vedantu_Log -INFO - Test Pass -- Navigates to HomePage.
2023-01-02 01:32:11,390 - Vedantu_Log -INFO - Clicked Sign In Button.
2023-01-02 01:32:12,216 - Vedantu_Log -INFO - Phone Number Entered.
2023-01-02 01:32:12,477 - Vedantu_Log -INFO - Clicked Next Button.
2023-01-02 01:32:13,161 - Vedantu_Log -INFO - Password Entered.
2023-01-02 01:32:13,340 - Vedantu_Log -INFO - Clicked Next Button.
2023-01-02 01:32:19,212 - Vedantu_Log -INFO - Test Pass -- Navigates to HomePage.
2023-01-02 01:56:02,334 - Vedantu_Log -INFO - Clicked Sign In Button.
2023-01-02 01:56:03,675 - Vedantu_Log -INFO - Phone Number Entered.
2023-01-02 01:56:03,804 - Vedantu_Log -INFO - Clicked Next Button.
2023-01-02 01:56:05,322 - Vedantu_Log -INFO - Password Entered.
2023-01-02 01:56:05,577 - Vedantu_Log -INFO - Clicked Next Button.
2023-01-02 01:56:22,991 - Vedantu_Log -INFO - Test Pass -- Navigates to HomePage.
2023-01-02 01:58:51,514 - Vedantu_Log -INFO - Clicked Sign In Button.
2023-01-02 01:58:52,434 - Vedantu_Log -INFO - Phone Number Entered.
2023-01-02 01:58:52,563 - Vedantu_Log -INFO - Clicked Next Button.
2023-01-02 01:58:53,233 - Vedantu_Log -INFO - Password Entered.
2023-01-02 01:58:53,376 - Vedantu_Log -INFO - Clicked Next Button.
2023-01-02 01:59:01,517 - Vedantu_Log -INFO - Test Pass -- Navigates to HomePage.
2023-01-02 02:28:59,067 - Vedantu_Log -INFO - Clicked Sign In Button.
2023-01-02 02:28:59,727 - Vedantu_Log -INFO - Phone Number Entered.
2023-01-02 02:28:59,855 - Vedantu_Log -INFO - Clicked Next Button.
2023-01-02 02:29:00,783 - Vedantu_Log -INFO - Password Entered.
2023-01-02 02:29:00,896 - Vedantu_Log -INFO - Clicked Next Button.
2023-01-02 02:29:09,227 - Vedantu_Log -INFO - Test Pass -- Navigates to HomePage.
2023-01-02 02:46:14,974 - Vedantu_Log -INFO - Clicked Sign In Button.
2023-01-02 02:46:15,279 - Vedantu_Log -INFO - Phone Number Entered.
2023-01-02 02:46:15,410 - Vedantu_Log -INFO - Clicked Next Button.
2023-01-02 02:46:16,147 - Vedantu_Log -INFO - Password Entered.
2023-01-02 02:46:16,316 - Vedantu_Log -INFO - Clicked Next Button.
2023-01-02 02:46:26,268 - Vedantu_Log -INFO - Test Pass -- Navigates to HomePage.
2023-01-02 10:27:27,058 - Vedantu_Log -INFO - Clicked Sign In Button.
2023-01-02 10:27:27,598 - Vedantu_Log -INFO - Phone Number Entered.
2023-01-02 10:27:27,748 - Vedantu_Log -INFO - Clicked Next Button.
2023-01-02 10:27:28,615 - Vedantu_Log -INFO - Password Entered.
2023-01-02 10:27:28,832 - Vedantu_Log -INFO - Clicked Next Button.
2023-01-02 10:27:35,937 - Vedantu_Log -INFO - Test Pass -- Navigates to HomePage.
2023-01-02 10:31:31,639 - Vedantu_Log -INFO - Clicked Sign In Button.
2023-01-02 10:31:32,077 - Vedantu_Log -INFO - Phone Number Entered.
2023-01-02 10:31:32,237 - Vedantu_Log -INFO - Clicked Next Button.
2023-01-02 10:31:32,823 - Vedantu_Log -INFO - Password Entered.
2023-01-02 10:31:32,988 - Vedantu_Log -INFO - Clicked Next Button.
2023-01-02 10:31:37,775 - Vedantu_Log -INFO - Test Pass -- Navigates to HomePage.
2023-01-02 10:43:19,536 - Vedantu_Log -INFO - Clicked Sign In Button.
2023-01-02 10:43:20,356 - Vedantu_Log -INFO - Phone Number Entered.
2023-01-02 10:43:20,765 - Vedantu_Log -INFO - Clicked Next Button.
2023-01-02 10:43:21,409 - Vedantu_Log -INFO - Password Entered.
2023-01-02 10:43:21,500 - Vedantu_Log -INFO - Clicked Next Button.
2023-01-02 10:43:27,320 - Vedantu_Log -INFO - Test Pass -- Navigates to HomePage.
2023-01-02 10:47:44,509 - Vedantu_Log -INFO - Clicked Sign In Button.
2023-01-02 10:47:45,433 - Vedantu_Log -INFO - Phone Number Entered.
2023-01-02 10:47:45,553 - Vedantu_Log -INFO - Clicked Next Button.
2023-01-02 10:47:46,070 - Vedantu_Log -INFO - Password Entered.
2023-01-02 10:47:46,195 - Vedantu_Log -INFO - Clicked Next Button.
2023-01-02 10:47:49,334 - Vedantu_Log -INFO - Test Pass -- Navigates to HomePage.
2023-01-02 13:49:37,107 - Vedantu_Log -INFO - Clicked Sign In Button.
2023-01-02 13:49:38,633 - Vedantu_Log -INFO - Phone Number Entered.
2023-01-02 13:49:38,736 - Vedantu_Log -INFO - Clicked Next Button.
2023-01-02 13:49:39,432 - Vedantu_Log -INFO - Password Entered.
2023-01-02 13:49:39,603 - Vedantu_Log -INFO - Clicked Next Button.
2023-01-02 13:50:06,615 - Vedantu_Log -INFO - Test Pass -- Navigates to HomePage.
